2015-03-01T12:23:41.803-0800 [initandlisten] MongoDB starting : pid=1165 port=27017 dbpath=/data/db 64-bit host=Jasons-MacBook-Air-3.local
2015-03-01T12:23:41.803-0800 [initandlisten] 
2015-03-01T12:23:41.803-0800 [initandlisten] ** WARNING: soft rlimits too low. Number of files is 256, should be at least 1000
2015-03-01T12:23:41.803-0800 [initandlisten] db version v2.6.4
2015-03-01T12:23:41.803-0800 [initandlisten] git version: nogitversion
2015-03-01T12:23:41.803-0800 [initandlisten] build info: Darwin minimavericks.local 13.3.0 Darwin Kernel Version 13.3.0: Tue Jun  3 21:27:35 PDT 2014; root:xnu-2422.110.17~1/RELEASE_X86_64 x86_64 BOOST_LIB_VERSION=1_49
2015-03-01T12:23:41.803-0800 [initandlisten] allocator: tcmalloc
2015-03-01T12:23:41.804-0800 [initandlisten] options: { processManagement: { fork: true }, systemLog: { destination: "file", path: "/Users/jason/Desktop/etc/BestGameEver/server/mongodb.log" } }
2015-03-01T12:23:41.804-0800 [initandlisten] exception in initAndListen: 10296 
*********************************************************************
 ERROR: dbpath (/data/db) does not exist.
 Create this directory or give existing directory in --dbpath.
 See http://dochub.mongodb.org/core/startingandstoppingmongo
*********************************************************************
, terminating
2015-03-01T12:23:41.804-0800 [initandlisten] dbexit: 
2015-03-01T12:23:41.804-0800 [initandlisten] shutdown: going to close listening sockets...
2015-03-01T12:23:41.804-0800 [initandlisten] shutdown: going to flush diaglog...
2015-03-01T12:23:41.804-0800 [initandlisten] shutdown: going to close sockets...
2015-03-01T12:23:41.804-0800 [initandlisten] shutdown: waiting for fs preallocator...
2015-03-01T12:23:41.804-0800 [initandlisten] shutdown: lock for final commit...
2015-03-01T12:23:41.805-0800 [initandlisten] shutdown: final commit...
2015-03-01T12:23:41.805-0800 [initandlisten] shutdown: closing all files...
2015-03-01T12:23:41.805-0800 [initandlisten] closeAllFiles() finished
2015-03-01T12:23:41.805-0800 [initandlisten] dbexit: really exiting now
